[33mwarning: --test_tasks_per_user > 1 means multiple predictions are made per target frame. Only the last prediction is saved to JSON[0m
Options: Namespace(adapt_features=False, annotations_to_load=[], batch_normalisation='basic', batch_size=48, checkpoint_dir='./checkpoint', classifier='proto', clip_length=8, context_shot=5, context_video_type='clean', data_path='/scratch1/sim314/data/orbit/orbit_benchmark_224', epochs=10, feature_adaptation_method='generate', feature_extractor='efficientnetb0', frame_size=224, gpu=0, learn_extractor=True, learning_rate=0.0001, mode='train_test', model_path=None, no_preload_clips=False, num_lite_samples=16, preload_clips=True, pretrained_extractor_path='features/pretrained/efficientnetb0_imagenet_224.pth', print_by_step=False, seed=1991, subsample_factor=1, target_shot=2, target_video_type='clutter', tasks_per_batch=16, test_context_num_clips='random', test_context_shot_method='max', test_set='test', test_target_num_clips='max', test_target_shot_method='max', test_tasks_per_user=5, test_way_method='max', train_context_num_clips='random', train_context_shot_method='random', train_object_cap=15, train_target_num_clips='random', train_target_shot_method='random', train_task_type='user_centric', train_tasks_per_user=50, train_way_method='random', use_two_gpus=False, validation_on_epoch=5, with_lite=True, with_train_shot_caps=False)

Checkpoint Directory: ./checkpoint/2022-04-15-01-09-45

Loaded data summary: 44 users, 278 objects, 2277 videos
Loaded data summary: 6 users, 50 objects, 347 videos
Loaded data summary: 17 users, 158 objects, 1198 videos
------------------------------------------------------------------------------------------------------------------------------------------------------
epoch [1/10] train loss: 2.1105518 frame_acc: 52.58 (0.91)  time/epoch: 55m28s
------------------------------------------------------------------------------------------------------------------------------------------------------
------------------------------------------------------------------------------------------------------------------------------------------------------
epoch [2/10] train loss: 1.7599875 frame_acc: 55.94 (0.89)  time/epoch: 55m36s
------------------------------------------------------------------------------------------------------------------------------------------------------
------------------------------------------------------------------------------------------------------------------------------------------------------
epoch [3/10] train loss: 1.5345320 frame_acc: 58.58 (0.88)  time/epoch: 55m26s
------------------------------------------------------------------------------------------------------------------------------------------------------
------------------------------------------------------------------------------------------------------------------------------------------------------
epoch [4/10] train loss: 1.4035280 frame_acc: 59.32 (0.87)  time/epoch: 55m42s
------------------------------------------------------------------------------------------------------------------------------------------------------
------------------------------------------------------------------------------------------------------------------------------------------------------
epoch [5/10] train loss: 1.2594178 frame_acc: 61.25 (0.89)  time/epoch: 56m15s
------------------------------------------------------------------------------------------------------------------------------------------------------
validation user P189 (1/6) stats: frame_acc: 54.49 (8.56) frames_to_recognition: 1.51 (0.93) video_acc: 64.00 (13.30) 
validation user P194 (2/6) stats: frame_acc: 54.42 (6.84) frames_to_recognition: 2.54 (1.71) video_acc: 66.67 (11.93) 
validation user P235 (3/6) stats: frame_acc: 65.20 (7.10) frames_to_recognition: 8.42 (5.06) video_acc: 80.00 (10.57) 
validation user P579 (4/6) stats: frame_acc: 93.11 (3.66) frames_to_recognition: 2.14 (1.23) video_acc: 98.00 (3.88) 
validation user P778 (5/6) stats: frame_acc: 67.69 (9.68) frames_to_recognition: 1.62 (0.83) video_acc: 62.00 (13.45) 
validation user P867 (6/6) stats: frame_acc: 63.68 (8.46) frames_to_recognition: 3.78 (1.87) video_acc: 60.00 (13.58) 
validation
 per-user stats: frame_acc: 66.43 (10.38) frames_to_recognition: 3.33 (1.92) video_acc: 71.78 (10.72) 
 per-video stats: frame_acc: 66.03 (3.40) frames_to_recognition: 3.39 (1.06) video_acc: 71.75 (4.97) 

best validation model was updated.

------------------------------------------------------------------------------------------------------------------------------------------------------
epoch [6/10] train loss: 1.1827079 frame_acc: 62.02 (0.87)  time/epoch: 57m06s
------------------------------------------------------------------------------------------------------------------------------------------------------
validation user P189 (1/6) stats: frame_acc: 54.47 (9.20) frames_to_recognition: 11.24 (7.68) video_acc: 64.00 (13.30) 
validation user P194 (2/6) stats: frame_acc: 55.56 (7.29) frames_to_recognition: 6.69 (5.13) video_acc: 68.33 (11.77) 
validation user P235 (3/6) stats: frame_acc: 62.64 (6.53) frames_to_recognition: 9.22 (6.00) video_acc: 80.00 (10.57) 
validation user P579 (4/6) stats: frame_acc: 88.29 (5.68) frames_to_recognition: 2.59 (1.34) video_acc: 92.00 (7.52) 
validation user P778 (5/6) stats: frame_acc: 71.48 (9.22) frames_to_recognition: 1.11 (0.63) video_acc: 66.00 (13.13) 
validation user P867 (6/6) stats: frame_acc: 64.72 (9.58) frames_to_recognition: 5.78 (4.14) video_acc: 62.00 (13.45) 
validation
 per-user stats: frame_acc: 66.19 (9.13) frames_to_recognition: 6.10 (2.81) video_acc: 72.06 (8.50) 
 per-video stats: frame_acc: 65.80 (3.49) frames_to_recognition: 6.17 (2.04) video_acc: 72.06 (4.96) 

------------------------------------------------------------------------------------------------------------------------------------------------------
epoch [7/10] train loss: 0.9281372 frame_acc: 63.43 (0.90)  time/epoch: 55m49s
------------------------------------------------------------------------------------------------------------------------------------------------------
validation user P189 (1/6) stats: frame_acc: 59.67 (8.26) frames_to_recognition: 4.17 (4.04) video_acc: 74.00 (12.16) 
validation user P194 (2/6) stats: frame_acc: 54.07 (7.31) frames_to_recognition: 4.38 (3.61) video_acc: 65.00 (12.07) 
validation user P235 (3/6) stats: frame_acc: 65.51 (6.31) frames_to_recognition: 7.76 (5.07) video_acc: 85.45 (9.32) 
validation user P579 (4/6) stats: frame_acc: 88.82 (6.08) frames_to_recognition: 1.97 (1.15) video_acc: 92.00 (7.52) 
validation user P778 (5/6) stats: frame_acc: 77.46 (8.55) frames_to_recognition: 0.91 (0.57) video_acc: 74.00 (12.16) 
validation user P867 (6/6) stats: frame_acc: 65.11 (9.07) frames_to_recognition: 3.81 (3.96) video_acc: 62.00 (13.45) 
validation
 per-user stats: frame_acc: 68.44 (9.24) frames_to_recognition: 3.83 (1.72) video_acc: 75.41 (8.44) 
 per-video stats: frame_acc: 67.94 (3.37) frames_to_recognition: 3.91 (1.47) video_acc: 75.24 (4.77) 

best validation model was updated.

------------------------------------------------------------------------------------------------------------------------------------------------------
epoch [8/10] train loss: 0.9120916 frame_acc: 64.37 (0.88)  time/epoch: 56m07s
------------------------------------------------------------------------------------------------------------------------------------------------------
validation user P189 (1/6) stats: frame_acc: 62.48 (8.48) frames_to_recognition: 2.52 (1.70) video_acc: 72.00 (12.45) 
validation user P194 (2/6) stats: frame_acc: 57.98 (6.88) frames_to_recognition: 2.05 (1.42) video_acc: 68.33 (11.77) 
validation user P235 (3/6) stats: frame_acc: 69.67 (6.32) frames_to_recognition: 3.29 (1.51) video_acc: 81.82 (10.19) 
validation user P579 (4/6) stats: frame_acc: 93.47 (3.89) frames_to_recognition: 2.40 (1.29) video_acc: 98.00 (3.88) 
validation user P778 (5/6) stats: frame_acc: 80.00 (8.68) frames_to_recognition: 1.48 (0.78) video_acc: 78.00 (11.48) 
validation user P867 (6/6) stats: frame_acc: 67.13 (8.88) frames_to_recognition: 3.27 (1.56) video_acc: 70.00 (12.70) 
validation
 per-user stats: frame_acc: 71.79 (9.47) frames_to_recognition: 2.50 (0.51) video_acc: 78.03 (8.05) 
 per-video stats: frame_acc: 71.31 (3.27) frames_to_recognition: 2.50 (0.58) video_acc: 77.78 (4.59) 

best validation model was updated.

------------------------------------------------------------------------------------------------------------------------------------------------------
epoch [9/10] train loss: 0.8771800 frame_acc: 65.60 (0.89)  time/epoch: 56m24s
------------------------------------------------------------------------------------------------------------------------------------------------------
validation user P189 (1/6) stats: frame_acc: 64.71 (8.12) frames_to_recognition: 3.93 (4.05) video_acc: 74.00 (12.16) 
validation user P194 (2/6) stats: frame_acc: 56.85 (6.41) frames_to_recognition: 3.47 (3.13) video_acc: 75.00 (10.96) 
validation user P235 (3/6) stats: frame_acc: 68.49 (6.14) frames_to_recognition: 3.97 (1.62) video_acc: 83.64 (9.78) 
validation user P579 (4/6) stats: frame_acc: 89.95 (5.46) frames_to_recognition: 2.21 (1.21) video_acc: 94.00 (6.58) 
validation user P778 (5/6) stats: frame_acc: 74.47 (8.74) frames_to_recognition: 1.51 (0.84) video_acc: 72.00 (12.45) 
validation user P867 (6/6) stats: frame_acc: 63.91 (9.57) frames_to_recognition: 5.07 (4.06) video_acc: 62.00 (13.45) 
validation
 per-user stats: frame_acc: 69.73 (8.38) frames_to_recognition: 3.36 (0.94) video_acc: 76.77 (7.97) 
 per-video stats: frame_acc: 69.30 (3.26) frames_to_recognition: 3.37 (1.16) video_acc: 76.83 (4.66) 

------------------------------------------------------------------------------------------------------------------------------------------------------
epoch [10/10] train loss: 0.7747325 frame_acc: 66.81 (0.87)  time/epoch: 55m36s
------------------------------------------------------------------------------------------------------------------------------------------------------
validation user P189 (1/6) stats: frame_acc: 62.20 (7.44) frames_to_recognition: 2.54 (1.80) video_acc: 76.00 (11.84) 
validation user P194 (2/6) stats: frame_acc: 55.47 (7.01) frames_to_recognition: 3.37 (3.11) video_acc: 66.67 (11.93) 
validation user P235 (3/6) stats: frame_acc: 73.32 (6.39) frames_to_recognition: 3.84 (1.65) video_acc: 87.27 (8.81) 
validation user P579 (4/6) stats: frame_acc: 90.34 (4.84) frames_to_recognition: 2.17 (1.21) video_acc: 94.00 (6.58) 
validation user P778 (5/6) stats: frame_acc: 74.42 (9.15) frames_to_recognition: 1.57 (0.82) video_acc: 70.00 (12.70) 
validation user P867 (6/6) stats: frame_acc: 64.87 (9.76) frames_to_recognition: 5.57 (3.63) video_acc: 60.00 (13.58) 
validation
 per-user stats: frame_acc: 70.10 (8.90) frames_to_recognition: 3.18 (1.04) video_acc: 75.66 (9.41) 
 per-video stats: frame_acc: 69.69 (3.32) frames_to_recognition: 3.19 (0.96) video_acc: 75.56 (4.75) 

